2023-04-17 15:20:40,370 - ttm4115project.mqtt_handle - INFO - Connected to MQTT broker
2023-04-17 15:20:40,414 - ttm4115project.mqtt_handle - INFO - Received message from MQTT broker on topic ttm4115project/test: b'{"event": "ping", "data": {}}'
2023-04-17 15:21:01,855 - ttm4115project.mqtt_handle - INFO - Connected to MQTT broker
2023-04-17 15:21:01,910 - ttm4115project.mqtt_handle - INFO - Received message from MQTT broker on topic ttm4115project/test: b'{"event": "ping", "data": {}}'
2023-04-17 15:21:37,912 - ttm4115project.mqtt_handle - INFO - Connected to MQTT broker
2023-04-17 15:21:37,970 - ttm4115project.mqtt_handle - INFO - Received message from MQTT broker on topic ttm4115project/test: b'{"event": "ping", "data": {}}'
2023-04-17 15:21:38,015 - ttm4115project.mqtt_handle - INFO - Received message from MQTT broker on topic ttm4115project/test: b'{"event": "pong", "data": {}}'
2023-04-17 15:21:38,068 - ttm4115project.mqtt_handle - INFO - Received message from MQTT broker on topic ttm4115project/test: b'{"event": "pong", "data": {}}'
2023-04-17 15:21:38,122 - ttm4115project.mqtt_handle - INFO - Received message from MQTT broker on topic ttm4115project/test: b'{"event": "pong", "data": {}}'
2023-04-17 15:21:38,269 - ttm4115project.mqtt_handle - INFO - Received message from MQTT broker on topic ttm4115project/test: b'{"event": "pong", "data": {}}'
2023-04-17 15:21:38,385 - ttm4115project.mqtt_handle - INFO - Received message from MQTT broker on topic ttm4115project/test: b'{"event": "pong", "data": {}}'
2023-04-17 15:21:38,449 - ttm4115project.mqtt_handle - INFO - Received message from MQTT broker on topic ttm4115project/test: b'{"event": "pong", "data": {}}'
2023-04-17 15:21:38,500 - ttm4115project.mqtt_handle - INFO - Received message from MQTT broker on topic ttm4115project/test: b'{"event": "pong", "data": {}}'
2023-04-17 15:21:38,591 - ttm4115project.mqtt_handle - INFO - Received message from MQTT broker on topic ttm4115project/test: b'{"event": "pong", "data": {}}'
2023-04-17 15:21:38,673 - ttm4115project.mqtt_handle - INFO - Received message from MQTT broker on topic ttm4115project/test: b'{"event": "pong", "data": {}}'
2023-04-17 15:21:38,895 - ttm4115project.mqtt_handle - INFO - Received message from MQTT broker on topic ttm4115project/test: b'{"event": "pong", "data": {}}'
2023-04-17 15:21:38,966 - ttm4115project.mqtt_handle - INFO - Received message from MQTT broker on topic ttm4115project/test: b'{"event": "pong", "data": {}}'
2023-04-17 15:21:39,029 - ttm4115project.mqtt_handle - INFO - Received message from MQTT broker on topic ttm4115project/test: b'{"event": "pong", "data": {}}'
2023-04-17 15:21:39,130 - ttm4115project.mqtt_handle - INFO - Received message from MQTT broker on topic ttm4115project/test: b'{"event": "pong", "data": {}}'
2023-04-17 15:21:39,505 - ttm4115project.mqtt_handle - INFO - Received message from MQTT broker on topic ttm4115project/test: b'{"event": "pong", "data": {}}'
2023-04-17 15:21:39,605 - ttm4115project.mqtt_handle - INFO - Received message from MQTT broker on topic ttm4115project/test: b'{"event": "pong", "data": {}}'
2023-04-17 15:21:39,764 - ttm4115project.mqtt_handle - INFO - Received message from MQTT broker on topic ttm4115project/test: b'{"event": "pong", "data": {}}'
2023-04-17 15:21:40,007 - ttm4115project.mqtt_handle - INFO - Received message from MQTT broker on topic ttm4115project/test: b'{"event": "pong", "data": {}}'
2023-04-17 15:21:40,210 - ttm4115project.mqtt_handle - INFO - Received message from MQTT broker on topic ttm4115project/test: b'{"event": "pong", "data": {}}'
2023-04-17 15:21:40,466 - ttm4115project.mqtt_handle - INFO - Received message from MQTT broker on topic ttm4115project/test: b'{"event": "pong", "data": {}}'
2023-04-17 15:21:40,573 - ttm4115project.mqtt_handle - INFO - Received message from MQTT broker on topic ttm4115project/test: b'{"event": "pong", "data": {}}'
2023-04-17 15:21:40,642 - ttm4115project.mqtt_handle - INFO - Received message from MQTT broker on topic ttm4115project/test: b'{"event": "pong", "data": {}}'
2023-04-17 15:21:40,739 - ttm4115project.mqtt_handle - INFO - Received message from MQTT broker on topic ttm4115project/test: b'{"event": "pong", "data": {}}'
2023-04-17 15:21:40,798 - ttm4115project.mqtt_handle - INFO - Received message from MQTT broker on topic ttm4115project/test: b'{"event": "pong", "data": {}}'
2023-04-17 15:21:41,086 - ttm4115project.mqtt_handle - INFO - Received message from MQTT broker on topic ttm4115project/test: b'{"event": "pong", "data": {}}'
2023-04-17 15:21:41,154 - ttm4115project.mqtt_handle - INFO - Received message from MQTT broker on topic ttm4115project/test: b'{"event": "pong", "data": {}}'
2023-04-17 15:21:41,225 - ttm4115project.mqtt_handle - INFO - Received message from MQTT broker on topic ttm4115project/test: b'{"event": "pong", "data": {}}'
2023-04-17 15:21:41,387 - ttm4115project.mqtt_handle - INFO - Received message from MQTT broker on topic ttm4115project/test: b'{"event": "pong", "data": {}}'
2023-04-17 15:21:41,558 - ttm4115project.mqtt_handle - INFO - Received message from MQTT broker on topic ttm4115project/test: b'{"event": "pong", "data": {}}'
2023-04-17 15:21:41,631 - ttm4115project.mqtt_handle - INFO - Received message from MQTT broker on topic ttm4115project/test: b'{"event": "pong", "data": {}}'
2023-04-17 15:21:41,704 - ttm4115project.mqtt_handle - INFO - Received message from MQTT broker on topic ttm4115project/test: b'{"event": "pong", "data": {}}'
2023-04-17 15:21:41,754 - ttm4115project.mqtt_handle - INFO - Received message from MQTT broker on topic ttm4115project/test: b'{"event": "pong", "data": {}}'
2023-04-17 15:21:41,853 - ttm4115project.mqtt_handle - INFO - Received message from MQTT broker on topic ttm4115project/test: b'{"event": "pong", "data": {}}'
2023-04-17 15:21:42,078 - ttm4115project.mqtt_handle - INFO - Received message from MQTT broker on topic ttm4115project/test: b'{"event": "pong", "data": {}}'
2023-04-17 15:21:42,148 - ttm4115project.mqtt_handle - INFO - Received message from MQTT broker on topic ttm4115project/test: b'{"event": "pong", "data": {}}'
2023-04-17 15:21:42,204 - ttm4115project.mqtt_handle - INFO - Received message from MQTT broker on topic ttm4115project/test: b'{"event": "pong", "data": {}}'
2023-04-17 15:21:42,318 - ttm4115project.mqtt_handle - INFO - Received message from MQTT broker on topic ttm4115project/test: b'{"event": "pong", "data": {}}'
2023-04-17 15:21:42,467 - ttm4115project.mqtt_handle - INFO - Received message from MQTT broker on topic ttm4115project/test: b'{"event": "pong", "data": {}}'
2023-04-17 15:21:42,695 - ttm4115project.mqtt_handle - INFO - Received message from MQTT broker on topic ttm4115project/test: b'{"event": "pong", "data": {}}'
2023-04-17 15:21:42,778 - ttm4115project.mqtt_handle - INFO - Received message from MQTT broker on topic ttm4115project/test: b'{"event": "pong", "data": {}}'
2023-04-17 15:21:42,921 - ttm4115project.mqtt_handle - INFO - Received message from MQTT broker on topic ttm4115project/test: b'{"event": "pong", "data": {}}'
2023-04-17 15:21:43,125 - ttm4115project.mqtt_handle - INFO - Received message from MQTT broker on topic ttm4115project/test: b'{"event": "pong", "data": {}}'
2023-04-17 15:21:43,215 - ttm4115project.mqtt_handle - INFO - Received message from MQTT broker on topic ttm4115project/test: b'{"event": "pong", "data": {}}'
2023-04-17 15:21:43,275 - ttm4115project.mqtt_handle - INFO - Received message from MQTT broker on topic ttm4115project/test: b'{"event": "pong", "data": {}}'
2023-04-17 15:21:43,346 - ttm4115project.mqtt_handle - INFO - Received message from MQTT broker on topic ttm4115project/test: b'{"event": "pong", "data": {}}'
2023-04-17 15:21:43,489 - ttm4115project.mqtt_handle - INFO - Received message from MQTT broker on topic ttm4115project/test: b'{"event": "pong", "data": {}}'
2023-04-17 15:21:43,780 - ttm4115project.mqtt_handle - INFO - Received message from MQTT broker on topic ttm4115project/test: b'{"event": "pong", "data": {}}'
2023-04-17 15:21:43,849 - ttm4115project.mqtt_handle - INFO - Received message from MQTT broker on topic ttm4115project/test: b'{"event": "pong", "data": {}}'
2023-04-17 15:21:44,224 - ttm4115project.mqtt_handle - INFO - Received message from MQTT broker on topic ttm4115project/test: b'{"event": "pong", "data": {}}'
2023-04-17 15:21:44,330 - ttm4115project.mqtt_handle - INFO - Received message from MQTT broker on topic ttm4115project/test: b'{"event": "pong", "data": {}}'
2023-04-17 15:21:49,216 - ttm4115project.mqtt_handle - INFO - Connected to MQTT broker
2023-04-17 15:21:49,576 - ttm4115project.mqtt_handle - INFO - Received message from MQTT broker on topic ttm4115project/test: b'{"event": "ping", "data": {}}'
2023-04-17 15:21:50,052 - ttm4115project.mqtt_handle - INFO - Received message from MQTT broker on topic ttm4115project/test: b'{"event": "pong", "data": {}}'
2023-04-17 15:21:50,567 - ttm4115project.mqtt_handle - INFO - Received message from MQTT broker on topic ttm4115project/test: b'{"event": "pong", "data": {}}'
2023-04-17 15:21:50,951 - ttm4115project.mqtt_handle - INFO - Received message from MQTT broker on topic ttm4115project/test: b'{"event": "pong", "data": {}}'
2023-04-17 15:21:51,102 - ttm4115project.mqtt_handle - INFO - Received message from MQTT broker on topic ttm4115project/test: b'{"event": "pong", "data": {}}'
2023-04-17 15:21:51,291 - ttm4115project.mqtt_handle - INFO - Received message from MQTT broker on topic ttm4115project/test: b'{"event": "pong", "data": {}}'
2023-04-17 15:21:51,634 - ttm4115project.mqtt_handle - INFO - Received message from MQTT broker on topic ttm4115project/test: b'{"event": "pong", "data": {}}'
2023-04-17 15:24:22,097 - ttm4115project.mqtt_handle - INFO - Connected to MQTT broker
2023-04-17 15:25:24,172 - ttm4115project.mqtt_handle - INFO - Connected to MQTT broker
2023-04-17 15:25:24,237 - ttm4115project.mqtt_handle - INFO - Received message from MQTT broker on topic ttm4115project/test/inbound: b'{"event": "ping", "data": {}}'
2023-04-17 15:25:24,244 - ttm4115project.mqtt_handle - WARNING - Received message on unknown topic ttm4115project/test/inbound
2023-04-17 15:29:53,448 - ttm4115project.mqtt_handle - INFO - Connected to MQTT broker
2023-04-17 15:29:53,523 - ttm4115project.mqtt_handle - INFO - Received message from MQTT broker on topic ttm4115project/test/inbound: b'{"event": "ping", "data": {}}'
